<?xml version="1.0" encoding="UTF-8"?>
<!-- Generated by org.testng.reporters.JUnitReportReporter -->
<testsuite hostname="DESKTOP-6HN7HBQ" failures="0" tests="7" name="com.TutorialsNinja.qa.Testcases.Search" time="51.102" errors="0" timestamp="2023-08-17T19:27:18 BDT" skipped="0">
  <testcase classname="com.TutorialsNinja.qa.Testcases.Search" name="verifySearchWithValidProduct" time="7.118"/>
  <testcase classname="com.TutorialsNinja.qa.Testcases.Search" name="verifySearchWithinvalidProduct" time="4.702"/>
  <testcase classname="com.TutorialsNinja.qa.Testcases.Search" name="VerifySearchWithoutAnyProduct" time="12.535"/>
  <testcase classname="com.TutorialsNinja.qa.Testcases.Search" name="verifySearchWithUsingSearchCriteria" time="6.996"/>
  <testcase classname="com.TutorialsNinja.qa.Testcases.Search" name="verifySearchUsingTheTextFromTheProductDescription" time="6.642"/>
  <testcase classname="com.TutorialsNinja.qa.Testcases.Search" name="verifySearchBySelectingSubCategory" time="5.231"/>
  <testcase classname="com.TutorialsNinja.qa.Testcases.Search" name="verifySearchUsingPageUrl" time="7.878"/>
</testsuite> <!-- com.TutorialsNinja.qa.Testcases.Search -->
