<?xml version="1.0" encoding="UTF-8"?>
<!-- Generated by org.testng.reporters.JUnitReportReporter -->
<testsuite hostname="DESKTOP-6HN7HBQ" failures="0" tests="10" name="com.TutorialsNinja.qa.Testcases.Register" time="70.999" errors="0" timestamp="2023-08-17T19:27:18 BDT" skipped="0">
  <testcase classname="com.TutorialsNinja.qa.Testcases.Register" name="verifyRegisteringAnAccountWithMandatoryFields" time="9.802"/>
  <testcase classname="com.TutorialsNinja.qa.Testcases.Register" name="verifyRegisteringAnAccountByProvidingAllTheFieldsWhenYes" time="6.501"/>
  <testcase classname="com.TutorialsNinja.qa.Testcases.Register" name="verifyRegisteringAnAccountByProvidingAllTheFieldsWhenNo" time="6.663"/>
  <testcase classname="com.TutorialsNinja.qa.Testcases.Register" name="verifyRegisteringAnAccountByEnteringDiffererentPasswordField" time="5.864"/>
  <testcase classname="com.TutorialsNinja.qa.Testcases.Register" name="verifyRegisteringAnAccountByProvidingTheExistingAccountDetails" time="6.486"/>
  <testcase classname="com.TutorialsNinja.qa.Testcases.Register" name="verifyRegisteringAnAccountByInvalidEmailAddressIntoTheEmailField" time="10.523"/>
  <testcase classname="com.TutorialsNinja.qa.Testcases.Register" name="verifyRegisteringAnAccountByInvalidPhoneNumberIntoThePhoneNumberField" time="6.623"/>
  <testcase classname="com.TutorialsNinja.qa.Testcases.Register" name="verifyWheterThePrivacyPolicyCheckboxOptionIsNotSelectedByDedault" time="5.603"/>
  <testcase classname="com.TutorialsNinja.qa.Testcases.Register" name="VerifyRegistringAnAccountByFillingPasswordFieldAndNotFillingPasswordConfirmField" time="5.879"/>
  <testcase classname="com.TutorialsNinja.qa.Testcases.Register" name="verifyRegisteringWithoutAnyField" time="7.055"/>
</testsuite> <!-- com.TutorialsNinja.qa.Testcases.Register -->
